<?xml version="1.0" encoding="utf-8" standalone="no"?>
<!--This file represents the results of running a test suite-->
<test-results name="C:\development\Remotion\trunk\Remotion\TypePipe\IntegrationTests\bin\Debug\Remotion.TypePipe.IntegrationTests.dll" total="16" errors="0" failures="0" not-run="1" inconclusive="0" ignored="0" skipped="0" invalid="1" date="2012-12-10" time="12:03:20">
  <environment nunit-version="2.6.2.12296" clr-version="2.0.50727.6387" os-version="Microsoft Windows NT 6.2.9200.0" platform="Win32NT" cwd="C:\development\Remotion\trunk\prereq\Tools\NUnit-2.6\bin" machine-name="W0396" user="matthias.koch" user-domain="RUBICON" />
  <culture-info current-culture="de-AT" current-uiculture="en-US" />
  <test-suite type="Assembly" name="C:\development\Remotion\trunk\Remotion\TypePipe\IntegrationTests\bin\Debug\Remotion.TypePipe.IntegrationTests.dll" executed="True" result="Failure" success="False" time="21.666" asserts="0">
    <results>
      <test-suite type="Namespace" name="Remotion" executed="True" result="Failure" success="False" time="21.665" asserts="0">
        <results>
          <test-suite type="Namespace" name="TypePipe" executed="True" result="Failure" success="False" time="21.665" asserts="0">
            <results>
              <test-suite type="SetUpFixture" name="IntegrationTests" executed="True" result="Failure" success="False" time="21.661" asserts="0">
                <results>
                  <test-suite type="Namespace" name="Serialization" executed="True" result="Failure" success="False" time="21.649" asserts="0">
                    <results>
                      <test-suite type="TestFixture" name="ComplexSerializationTest" executed="True" result="Success" success="True" time="19.088" asserts="0">
                        <results>
                          <test-case name="Remotion.TypePipe.IntegrationTests.Serialization.ComplexSerializationTest.SerializationTestBase.AddedCallback" executed="True" result="Success" success="True" time="4.236" asserts="2" />
                          <test-case name="Remotion.TypePipe.IntegrationTests.Serialization.ComplexSerializationTest.SerializationTestBase.ExistingCallback" executed="True" result="Success" success="True" time="3.531" asserts="2" />
                          <test-case name="Remotion.TypePipe.IntegrationTests.Serialization.ComplexSerializationTest.SerializationTestBase.IDeserializationCallback_CannotModifyOrOverrideOnDeserialization" executed="True" result="Success" success="True" time="0.031" asserts="2" />
                          <test-case name="Remotion.TypePipe.IntegrationTests.Serialization.ComplexSerializationTest.SerializationTestBase.InstanceInitialization" executed="True" result="Success" success="True" time="3.566" asserts="2" />
                          <test-case name="Remotion.TypePipe.IntegrationTests.Serialization.ComplexSerializationTest.SerializationTestBase.ISerializable_CannotModifyOrOverrideGetObjectData" executed="True" result="Success" success="True" time="0.006" asserts="2" />
                          <test-case name="Remotion.TypePipe.IntegrationTests.Serialization.ComplexSerializationTest.SerializationTestBase.NoModifications" executed="True" result="Success" success="True" time="2.732" asserts="4" />
                          <test-case name="Remotion.TypePipe.IntegrationTests.Serialization.ComplexSerializationTest.SerializationTestBase.OnDeserializationMethodWithoutInterface" executed="True" result="Success" success="True" time="1.710" asserts="1" />
                          <test-case name="Remotion.TypePipe.IntegrationTests.Serialization.ComplexSerializationTest.SerializationTestBase.Standard_AddedFields" executed="True" result="Success" success="True" time="3.252" asserts="2" />
                        </results>
                      </test-suite>
                      <test-suite type="TestFixture" name="SimpleSerializationTest" executed="True" result="Failure" success="False" time="2.544" asserts="0">
                        <results>
                          <test-case name="Remotion.TypePipe.IntegrationTests.Serialization.SimpleSerializationTest.CreateObjectFactoryForSerialization" executed="False" result="NotRunnable">
                            <reason>
                              <message><![CDATA[Method is not public]]></message>
                            </reason>
                          </test-case>
                          <test-case name="Remotion.TypePipe.IntegrationTests.Serialization.SimpleSerializationTest.SerializationTestBase.AddedCallback" executed="True" result="Success" success="True" time="0.421" asserts="2" />
                          <test-case name="Remotion.TypePipe.IntegrationTests.Serialization.SimpleSerializationTest.SerializationTestBase.ExistingCallback" executed="True" result="Success" success="True" time="0.437" asserts="2" />
                          <test-case name="Remotion.TypePipe.IntegrationTests.Serialization.SimpleSerializationTest.SerializationTestBase.IDeserializationCallback_CannotModifyOrOverrideOnDeserialization" executed="True" result="Success" success="True" time="0.003" asserts="2" />
                          <test-case name="Remotion.TypePipe.IntegrationTests.Serialization.SimpleSerializationTest.SerializationTestBase.InstanceInitialization" executed="True" result="Success" success="True" time="0.429" asserts="2" />
                          <test-case name="Remotion.TypePipe.IntegrationTests.Serialization.SimpleSerializationTest.SerializationTestBase.ISerializable_CannotModifyOrOverrideGetObjectData" executed="True" result="Success" success="True" time="0.003" asserts="2" />
                          <test-case name="Remotion.TypePipe.IntegrationTests.Serialization.SimpleSerializationTest.SerializationTestBase.NoModifications" executed="True" result="Success" success="True" time="0.444" asserts="4" />
                          <test-case name="Remotion.TypePipe.IntegrationTests.Serialization.SimpleSerializationTest.SerializationTestBase.OnDeserializationMethodWithoutInterface" executed="True" result="Success" success="True" time="0.319" asserts="1" />
                          <test-case name="Remotion.TypePipe.IntegrationTests.Serialization.SimpleSerializationTest.SerializationTestBase.Standard_AddedFields" executed="True" result="Success" success="True" time="0.441" asserts="2" />
                        </results>
                      </test-suite>
                    </results>
                  </test-suite>
                </results>
              </test-suite>
            </results>
          </test-suite>
        </results>
      </test-suite>
    </results>
  </test-suite>
</test-results>